2021-10-19 11:54:38.012 [GuliHikariPool housekeeper] WARN  com.zaxxer.hikari.pool.HikariPool - GuliHikariPool - Retrograde clock change detected (housekeeper delta=29s30ms), soft-evicting connections from pool.
2021-10-19 12:09:07.274 [GuliHikariPool housekeeper] WARN  com.zaxxer.hikari.pool.HikariPool - GuliHikariPool - Retrograde clock change detected (housekeeper delta=29s136ms), soft-evicting connections from pool.
2021-10-19 15:43:03.527 [http-nio-9998-exec-4] WARN  com.zaxxer.hikari.pool.PoolBase - GuliHikariPool - Failed to validate connection com.mysql.jdbc.JDBC4Connection@35cf27f8 (No operations allowed after connection closed.). Possibly consider using a shorter maxLifetime value.
2021-10-19 17:06:05.276 [http-nio-9998-exec-4] WARN  com.zaxxer.hikari.pool.PoolBase - GuliHikariPool - Failed to validate connection com.mysql.jdbc.JDBC4Connection@f2979fa (No operations allowed after connection closed.). Possibly consider using a shorter maxLifetime value.
2021-10-19 17:19:13.309 [http-nio-9998-exec-7] WARN  com.zaxxer.hikari.pool.PoolBase - GuliHikariPool - Failed to validate connection com.mysql.jdbc.JDBC4Connection@462d7de4 (No operations allowed after connection closed.). Possibly consider using a shorter maxLifetime value.
2021-10-19 17:19:18.317 [http-nio-9998-exec-7] WARN  com.zaxxer.hikari.pool.PoolBase - GuliHikariPool - Failed to validate connection com.mysql.jdbc.JDBC4Connection@78fcda9e (No operations allowed after connection closed.). Possibly consider using a shorter maxLifetime value.
2021-10-19 17:19:23.324 [http-nio-9998-exec-7] WARN  com.zaxxer.hikari.pool.PoolBase - GuliHikariPool - Failed to validate connection com.mysql.jdbc.JDBC4Connection@7e2129e2 (No operations allowed after connection closed.). Possibly consider using a shorter maxLifetime value.
2021-10-19 17:19:28.330 [http-nio-9998-exec-7] WARN  com.zaxxer.hikari.pool.PoolBase - GuliHikariPool - Failed to validate connection com.mysql.jdbc.JDBC4Connection@3b334bc5 (No operations allowed after connection closed.). Possibly consider using a shorter maxLifetime value.
2021-10-19 17:19:33.338 [http-nio-9998-exec-7] WARN  com.zaxxer.hikari.pool.PoolBase - GuliHikariPool - Failed to validate connection com.mysql.jdbc.JDBC4Connection@6aa31b41 (No operations allowed after connection closed.). Possibly consider using a shorter maxLifetime value.
2021-10-19 17:19:38.343 [http-nio-9998-exec-7] WARN  com.zaxxer.hikari.pool.PoolBase - GuliHikariPool - Failed to validate connection com.mysql.jdbc.JDBC4Connection@440bba9f (No operations allowed after connection closed.). Possibly consider using a shorter maxLifetime value.
2021-10-19 17:19:41.544 [http-nio-9998-exec-7] WARN  com.zaxxer.hikari.pool.PoolBase - GuliHikariPool - Failed to validate connection com.mysql.jdbc.JDBC4Connection@790c2da6 (No operations allowed after connection closed.). Possibly consider using a shorter maxLifetime value.
2021-10-19 17:19:43.741 [http-nio-9998-exec-7] WARN  o.s.w.s.m.m.a.ExceptionHandlerExceptionResolver - Resolved [org.mybatis.spring.MyBatisSystemException: nested exception is org.apache.ibatis.exceptions.PersistenceException: 
### Error querying database.  Cause: org.springframework.jdbc.CannotGetJdbcConnectionException: Failed to obtain JDBC Connection; nested exception is java.sql.SQLException: GuliHikariPool - Interrupted during connection acquisition
### The error may exist in com/mxy/hospital/mapper/HospitalSetMapper.java (best guess)
### The error may involve com.mxy.hospital.mapper.HospitalSetMapper.selectById
### The error occurred while executing a query
### Cause: org.springframework.jdbc.CannotGetJdbcConnectionException: Failed to obtain JDBC Connection; nested exception is java.sql.SQLException: GuliHikariPool - Interrupted during connection acquisition]
2021-10-19 17:19:47.646 [restartedMain] WARN  org.mybatis.spring.mapper.ClassPathMapperScanner - No MyBatis mapper was found in '[com.atguigu.hospital.mapper]' package. Please check your configuration.
2021-10-19 17:19:49.391 [restartedMain] WARN  o.s.b.d.autoconfigure.OptionalLiveReloadServer - Unable to start LiveReload server
2021-10-19 17:19:49.468 [restartedMain] WARN  org.thymeleaf.templatemode.TemplateMode - [THYMELEAF][restartedMain] Template Mode 'LEGACYHTML5' is deprecated. Using Template Mode 'HTML' instead.
2021-10-19 19:56:47.143 [http-nio-9998-exec-9] WARN  com.zaxxer.hikari.pool.PoolBase - GuliHikariPool - Failed to validate connection com.mysql.jdbc.JDBC4Connection@21265b1b (No operations allowed after connection closed.). Possibly consider using a shorter maxLifetime value.
2021-10-19 19:56:52.152 [http-nio-9998-exec-9] WARN  com.zaxxer.hikari.pool.PoolBase - GuliHikariPool - Failed to validate connection com.mysql.jdbc.JDBC4Connection@510d9a3a (No operations allowed after connection closed.). Possibly consider using a shorter maxLifetime value.
2021-10-19 19:56:54.572 [http-nio-9998-exec-10] WARN  com.zaxxer.hikari.pool.PoolBase - GuliHikariPool - Failed to validate connection com.mysql.jdbc.JDBC4Connection@22b5c45a (No operations allowed after connection closed.). Possibly consider using a shorter maxLifetime value.
2021-10-19 19:56:57.156 [http-nio-9998-exec-9] WARN  com.zaxxer.hikari.pool.PoolBase - GuliHikariPool - Failed to validate connection com.mysql.jdbc.JDBC4Connection@6005a0eb (No operations allowed after connection closed.). Possibly consider using a shorter maxLifetime value.
2021-10-19 19:56:59.578 [http-nio-9998-exec-10] WARN  com.zaxxer.hikari.pool.PoolBase - GuliHikariPool - Failed to validate connection com.mysql.jdbc.JDBC4Connection@1e3d3f5b (No operations allowed after connection closed.). Possibly consider using a shorter maxLifetime value.
2021-10-19 19:57:02.159 [http-nio-9998-exec-9] WARN  com.zaxxer.hikari.pool.PoolBase - GuliHikariPool - Failed to validate connection com.mysql.jdbc.JDBC4Connection@3a29156f (No operations allowed after connection closed.). Possibly consider using a shorter maxLifetime value.
2021-10-19 19:57:04.585 [http-nio-9998-exec-10] WARN  com.zaxxer.hikari.pool.PoolBase - GuliHikariPool - Failed to validate connection com.mysql.jdbc.JDBC4Connection@3d46fb33 (No operations allowed after connection closed.). Possibly consider using a shorter maxLifetime value.
2021-10-19 19:57:07.162 [http-nio-9998-exec-9] WARN  com.zaxxer.hikari.pool.PoolBase - GuliHikariPool - Failed to validate connection com.mysql.jdbc.JDBC4Connection@7c8945a (No operations allowed after connection closed.). Possibly consider using a shorter maxLifetime value.
2021-10-19 19:57:09.589 [http-nio-9998-exec-10] WARN  com.zaxxer.hikari.pool.PoolBase - GuliHikariPool - Failed to validate connection com.mysql.jdbc.JDBC4Connection@354be40f (No operations allowed after connection closed.). Possibly consider using a shorter maxLifetime value.
2021-10-19 19:57:12.169 [http-nio-9998-exec-9] WARN  com.zaxxer.hikari.pool.PoolBase - GuliHikariPool - Failed to validate connection com.mysql.jdbc.JDBC4Connection@320dc78e (No operations allowed after connection closed.). Possibly consider using a shorter maxLifetime value.
