2021-10-18 19:17:37.594 [restartedMain] WARN  org.mybatis.spring.mapper.ClassPathMapperScanner - No MyBatis mapper was found in '[com.atguigu.hospital.mapper]' package. Please check your configuration.
2021-10-18 19:17:39.353 [restartedMain] WARN  o.s.b.d.autoconfigure.OptionalLiveReloadServer - Unable to start LiveReload server
2021-10-18 19:17:39.427 [restartedMain] WARN  org.thymeleaf.templatemode.TemplateMode - [THYMELEAF][restartedMain] Template Mode 'LEGACYHTML5' is deprecated. Using Template Mode 'HTML' instead.
2021-10-18 21:57:42.803 [http-nio-9998-exec-8] WARN  com.zaxxer.hikari.pool.PoolBase - GuliHikariPool - Failed to validate connection com.mysql.jdbc.JDBC4Connection@45371f81 (No operations allowed after connection closed.). Possibly consider using a shorter maxLifetime value.
2021-10-18 21:57:47.808 [http-nio-9998-exec-8] WARN  com.zaxxer.hikari.pool.PoolBase - GuliHikariPool - Failed to validate connection com.mysql.jdbc.JDBC4Connection@6113f6df (No operations allowed after connection closed.). Possibly consider using a shorter maxLifetime value.
2021-10-18 21:57:52.815 [http-nio-9998-exec-8] WARN  com.zaxxer.hikari.pool.PoolBase - GuliHikariPool - Failed to validate connection com.mysql.jdbc.JDBC4Connection@41f4c4dc (No operations allowed after connection closed.). Possibly consider using a shorter maxLifetime value.
2021-10-18 21:57:57.823 [http-nio-9998-exec-8] WARN  com.zaxxer.hikari.pool.PoolBase - GuliHikariPool - Failed to validate connection com.mysql.jdbc.JDBC4Connection@195a7af9 (No operations allowed after connection closed.). Possibly consider using a shorter maxLifetime value.
2021-10-18 21:58:40.261 [GuliHikariPool housekeeper] WARN  com.zaxxer.hikari.pool.HikariPool - GuliHikariPool - Retrograde clock change detected (housekeeper delta=29s869ms), soft-evicting connections from pool.
2021-10-18 23:08:23.784 [http-nio-9998-exec-5] WARN  com.zaxxer.hikari.pool.PoolBase - GuliHikariPool - Failed to validate connection com.mysql.jdbc.JDBC4Connection@431ad58 (No operations allowed after connection closed.). Possibly consider using a shorter maxLifetime value.
2021-10-18 23:08:28.003 [http-nio-9998-exec-2] WARN  com.zaxxer.hikari.pool.PoolBase - GuliHikariPool - Failed to validate connection com.mysql.jdbc.JDBC4Connection@65247025 (No operations allowed after connection closed.). Possibly consider using a shorter maxLifetime value.
2021-10-18 23:08:28.795 [http-nio-9998-exec-5] WARN  com.zaxxer.hikari.pool.PoolBase - GuliHikariPool - Failed to validate connection com.mysql.jdbc.JDBC4Connection@699b5e83 (No operations allowed after connection closed.). Possibly consider using a shorter maxLifetime value.
2021-10-18 23:08:33.010 [http-nio-9998-exec-2] WARN  com.zaxxer.hikari.pool.PoolBase - GuliHikariPool - Failed to validate connection com.mysql.jdbc.JDBC4Connection@76782c5a (No operations allowed after connection closed.). Possibly consider using a shorter maxLifetime value.
2021-10-18 23:08:33.801 [http-nio-9998-exec-5] WARN  com.zaxxer.hikari.pool.PoolBase - GuliHikariPool - Failed to validate connection com.mysql.jdbc.JDBC4Connection@5e8497bb (No operations allowed after connection closed.). Possibly consider using a shorter maxLifetime value.
2021-10-18 23:08:38.018 [http-nio-9998-exec-2] WARN  com.zaxxer.hikari.pool.PoolBase - GuliHikariPool - Failed to validate connection com.mysql.jdbc.JDBC4Connection@187f9361 (No operations allowed after connection closed.). Possibly consider using a shorter maxLifetime value.
2021-10-18 23:08:38.770 [http-nio-9998-exec-3] WARN  com.zaxxer.hikari.pool.PoolBase - GuliHikariPool - Failed to validate connection com.mysql.jdbc.JDBC4Connection@4f1b9ece (No operations allowed after connection closed.). Possibly consider using a shorter maxLifetime value.
2021-10-18 23:08:38.807 [http-nio-9998-exec-5] WARN  com.zaxxer.hikari.pool.PoolBase - GuliHikariPool - Failed to validate connection com.mysql.jdbc.JDBC4Connection@5756aa5e (No operations allowed after connection closed.). Possibly consider using a shorter maxLifetime value.
2021-10-18 23:08:43.025 [http-nio-9998-exec-2] WARN  com.zaxxer.hikari.pool.PoolBase - GuliHikariPool - Failed to validate connection com.mysql.jdbc.JDBC4Connection@40e3e02 (No operations allowed after connection closed.). Possibly consider using a shorter maxLifetime value.
2021-10-18 23:08:43.775 [http-nio-9998-exec-3] WARN  com.zaxxer.hikari.pool.PoolBase - GuliHikariPool - Failed to validate connection com.mysql.jdbc.JDBC4Connection@6207194 (No operations allowed after connection closed.). Possibly consider using a shorter maxLifetime value.
2021-10-18 23:27:16.565 [http-nio-9998-exec-5] WARN  com.zaxxer.hikari.pool.PoolBase - GuliHikariPool - Failed to validate connection com.mysql.jdbc.JDBC4Connection@1a4f3c89 (No operations allowed after connection closed.). Possibly consider using a shorter maxLifetime value.
2021-10-18 23:33:16.118 [http-nio-9998-exec-4] WARN  com.zaxxer.hikari.pool.PoolBase - GuliHikariPool - Failed to validate connection com.mysql.jdbc.JDBC4Connection@6287fd45 (No operations allowed after connection closed.). Possibly consider using a shorter maxLifetime value.
2021-10-18 23:33:21.123 [http-nio-9998-exec-4] WARN  com.zaxxer.hikari.pool.PoolBase - GuliHikariPool - Failed to validate connection com.mysql.jdbc.JDBC4Connection@22a709f7 (No operations allowed after connection closed.). Possibly consider using a shorter maxLifetime value.
2021-10-18 23:33:22.394 [http-nio-9998-exec-5] WARN  com.zaxxer.hikari.pool.PoolBase - GuliHikariPool - Failed to validate connection com.mysql.jdbc.JDBC4Connection@6ae2f845 (No operations allowed after connection closed.). Possibly consider using a shorter maxLifetime value.
2021-10-18 23:33:26.128 [http-nio-9998-exec-4] WARN  com.zaxxer.hikari.pool.PoolBase - GuliHikariPool - Failed to validate connection com.mysql.jdbc.JDBC4Connection@59c8f8df (No operations allowed after connection closed.). Possibly consider using a shorter maxLifetime value.
2021-10-18 23:33:27.399 [http-nio-9998-exec-5] WARN  com.zaxxer.hikari.pool.PoolBase - GuliHikariPool - Failed to validate connection com.mysql.jdbc.JDBC4Connection@35581d28 (No operations allowed after connection closed.). Possibly consider using a shorter maxLifetime value.
2021-10-18 23:33:27.773 [http-nio-9998-exec-2] WARN  com.zaxxer.hikari.pool.PoolBase - GuliHikariPool - Failed to validate connection com.mysql.jdbc.JDBC4Connection@590c7992 (No operations allowed after connection closed.). Possibly consider using a shorter maxLifetime value.
2021-10-18 23:33:31.133 [http-nio-9998-exec-4] WARN  com.zaxxer.hikari.pool.PoolBase - GuliHikariPool - Failed to validate connection com.mysql.jdbc.JDBC4Connection@353626c0 (No operations allowed after connection closed.). Possibly consider using a shorter maxLifetime value.
2021-10-18 23:33:32.405 [http-nio-9998-exec-5] WARN  com.zaxxer.hikari.pool.PoolBase - GuliHikariPool - Failed to validate connection com.mysql.jdbc.JDBC4Connection@19da27ea (No operations allowed after connection closed.). Possibly consider using a shorter maxLifetime value.
2021-10-18 23:33:32.779 [http-nio-9998-exec-2] WARN  com.zaxxer.hikari.pool.PoolBase - GuliHikariPool - Failed to validate connection com.mysql.jdbc.JDBC4Connection@baee1ca (No operations allowed after connection closed.). Possibly consider using a shorter maxLifetime value.
2021-10-18 23:33:36.139 [http-nio-9998-exec-4] WARN  com.zaxxer.hikari.pool.PoolBase - GuliHikariPool - Failed to validate connection com.mysql.jdbc.JDBC4Connection@2fc47920 (No operations allowed after connection closed.). Possibly consider using a shorter maxLifetime value.
2021-10-18 23:41:48.307 [restartedMain] WARN  org.mybatis.spring.mapper.ClassPathMapperScanner - No MyBatis mapper was found in '[com.atguigu.hospital.mapper]' package. Please check your configuration.
2021-10-18 23:41:50.427 [restartedMain] WARN  o.s.b.d.autoconfigure.OptionalLiveReloadServer - Unable to start LiveReload server
2021-10-18 23:41:50.536 [restartedMain] WARN  org.thymeleaf.templatemode.TemplateMode - [THYMELEAF][restartedMain] Template Mode 'LEGACYHTML5' is deprecated. Using Template Mode 'HTML' instead.
2021-10-18 23:52:59.237 [restartedMain] WARN  org.mybatis.spring.mapper.ClassPathMapperScanner - No MyBatis mapper was found in '[com.atguigu.hospital.mapper]' package. Please check your configuration.
2021-10-18 23:53:01.582 [restartedMain] WARN  o.s.b.d.autoconfigure.OptionalLiveReloadServer - Unable to start LiveReload server
2021-10-18 23:53:01.658 [restartedMain] WARN  org.thymeleaf.templatemode.TemplateMode - [THYMELEAF][restartedMain] Template Mode 'LEGACYHTML5' is deprecated. Using Template Mode 'HTML' instead.
