2021-10-22 22:53:37.689 [SpringContextShutdownHook] INFO  o.s.scheduling.concurrent.ThreadPoolTaskExecutor - Shutting down ExecutorService 'applicationTaskExecutor'
2021-10-22 22:53:37.747 [SpringContextShutdownHook] INFO  com.zaxxer.hikari.HikariDataSource - GuliHikariPool - Shutdown initiated...
2021-10-22 22:53:37.771 [SpringContextShutdownHook] INFO  com.zaxxer.hikari.HikariDataSource - GuliHikariPool - Shutdown completed.
2021-10-22 22:53:44.946 [restartedMain] INFO  com.mxy.hospital.ManageApplication - Starting ManageApplication on DayzdeMacBook-Pro.local with PID 95532 (/Users/dayz/IdeaProjects/hospita_parent/hospital-manage/target/classes started by dayz in /Users/dayz/IdeaProjects/hospita_parent)
2021-10-22 22:53:44.953 [restartedMain] INFO  com.mxy.hospital.ManageApplication - The following profiles are active: dev
2021-10-22 22:53:45.058 [restartedMain] INFO  o.s.b.d.env.DevToolsPropertyDefaultsPostProcessor - Devtools property defaults active! Set 'spring.devtools.add-properties' to 'false' to disable
2021-10-22 22:53:45.059 [restartedMain] INFO  o.s.b.d.env.DevToolsPropertyDefaultsPostProcessor - For additional web related logging consider setting the 'logging.level.web' property to 'DEBUG'
2021-10-22 22:53:46.619 [restartedMain] INFO  o.s.c.s.PostProcessorRegistrationDelegate$BeanPostProcessorChecker - Bean 'org.springframework.transaction.annotation.ProxyTransactionManagementConfiguration' of type [org.springframework.transaction.annotation.ProxyTransactionManagementConfiguration] is not eligible for getting processed by all BeanPostProcessors (for example: not eligible for auto-proxying)
2021-10-22 22:53:46.989 [restartedMain] INFO  o.s.boot.web.embedded.tomcat.TomcatWebServer - Tomcat initialized with port(s): 9998 (http)
2021-10-22 22:53:46.997 [restartedMain] INFO  org.apache.coyote.http11.Http11NioProtocol - Initializing ProtocolHandler ["http-nio-9998"]
2021-10-22 22:53:46.998 [restartedMain] INFO  org.apache.catalina.core.StandardService - Starting service [Tomcat]
2021-10-22 22:53:46.998 [restartedMain] INFO  org.apache.catalina.core.StandardEngine - Starting Servlet engine: [Apache Tomcat/9.0.27]
2021-10-22 22:53:47.067 [restartedMain] INFO  o.a.c.core.ContainerBase.[Tomcat].[localhost].[/] - Initializing Spring embedded WebApplicationContext
2021-10-22 22:53:47.067 [restartedMain] INFO  org.springframework.web.context.ContextLoader - Root WebApplicationContext: initialization completed in 2007 ms
2021-10-22 22:53:47.338 [restartedMain] INFO  com.zaxxer.hikari.HikariDataSource - GuliHikariPool - Starting...
2021-10-22 22:53:47.734 [restartedMain] INFO  com.zaxxer.hikari.HikariDataSource - GuliHikariPool - Start completed.
2021-10-22 22:53:48.411 [restartedMain] INFO  s.d.s.w.PropertySourcedRequestMappingHandlerMapping - Mapped URL path [/v2/api-docs] onto method [springfox.documentation.swagger2.web.Swagger2Controller#getDocumentation(String, HttpServletRequest)]
2021-10-22 22:53:48.517 [restartedMain] INFO  o.s.scheduling.concurrent.ThreadPoolTaskExecutor - Initializing ExecutorService 'applicationTaskExecutor'
2021-10-22 22:53:48.792 [restartedMain] INFO  s.d.s.web.plugins.DocumentationPluginsBootstrapper - Context refreshed
2021-10-22 22:53:48.808 [restartedMain] INFO  s.d.s.web.plugins.DocumentationPluginsBootstrapper - Found 1 custom documentation plugin(s)
2021-10-22 22:53:48.860 [restartedMain] INFO  s.d.spring.web.scanners.ApiListingReferenceScanner - Scanning for api listing references
2021-10-22 22:53:48.897 [restartedMain] INFO  org.apache.coyote.http11.Http11NioProtocol - Starting ProtocolHandler ["http-nio-9998"]
2021-10-22 22:53:48.956 [restartedMain] INFO  o.s.boot.web.embedded.tomcat.TomcatWebServer - Tomcat started on port(s): 9998 (http) with context path ''
2021-10-22 22:53:48.967 [restartedMain] INFO  com.mxy.hospital.ManageApplication - Started ManageApplication in 5.159 seconds (JVM running for 7.071)
